Info: Generated by version: 19.2 build 57
Info: Starting: Create block symbol file (.bsf)
Info: qsys-generate /home/u59680/ECE554-RayTracing-TeamKEVIN/Hardware/RT_Core_and_Components/IP/Arria_200/Fix_Add.ip --block-symbol-file --output-directory=/home/u59680/ECE554-RayTracing-TeamKEVIN/Hardware/RT_Core_and_Components/IP/Arria_200/Fix_Add --family="Arria 10" --part=10AX115N2F40E2LG
Info: qsys-generate succeeded.
Info: Finished: Create block symbol file (.bsf)
Info: 
Info: Starting: Create HDL design files for synthesis
Info: qsys-generate /home/u59680/ECE554-RayTracing-TeamKEVIN/Hardware/RT_Core_and_Components/IP/Arria_200/Fix_Add.ip --synthesis=VERILOG --output-directory=/home/u59680/ECE554-RayTracing-TeamKEVIN/Hardware/RT_Core_and_Components/IP/Arria_200/Fix_Add --family="Arria 10" --part=10AX115N2F40E2LG
Info: Fix_Add: "Transforming system: Fix_Add"
Info: Fix_Add: "Naming system components in system: Fix_Add"
Info: Fix_Add: "Processing generation queue"
Info: Fix_Add: "Generating: Fix_Add"
Info: Fix_Add: "Generating: Fix_Add_altera_fxp_functions_191_jhbgq5y"
Info: fxp_functions_0: Latency on Arria 10 is 1 cycle
Info: fxp_functions_0: DSP Blocks Used: 0
Info: fxp_functions_0: LUTs Used: 33
Info: fxp_functions_0: Memory Bits Used: 0
Info: fxp_functions_0: Memory Blocks Used: 0
Info: Fix_Add: Done "Fix_Add" with 2 modules, 4 files
Info: qsys-generate succeeded.
Info: Finished: Create HDL design files for synthesis
