Info: Generated by version: 19.2 build 57
Info: Starting: Create block symbol file (.bsf)
Info: qsys-generate /home/u59680/ECE554-RayTracing-TeamKEVIN/Hardware/RT_Core_and_Components/IP/Arria_200/Float_Less.ip --block-symbol-file --output-directory=/home/u59680/ECE554-RayTracing-TeamKEVIN/Hardware/RT_Core_and_Components/IP/Arria_200/Float_Less --family="Arria 10" --part=10AX115N2F40E2LG
Info: Float_Less.fp_functions_0: /glob/development-tools/versions/fpgasupportstack/a10/1.2.1/intelFPGA_pro/ip/altera/dsp/altera_fp_functions/source//cmdPolyEval.sh /glob/development-tools/versions/fpgasupportstack/a10/1.2.1/intelFPGA_pro/quartus/dspba/backend/linux64 -target Arria10 -frequency 200 -name none -noChanValid -enable -enableHardFP 1 -printMachineReadable -noFileGenerate -speedgrade 2 FPCompare 8 23 -2
Info: Float_Less.fp_functions_0: /glob/development-tools/versions/fpgasupportstack/a10/1.2.1/intelFPGA_pro/ip/altera/dsp/altera_fp_functions/source//cmdPolyEval.sh /glob/development-tools/versions/fpgasupportstack/a10/1.2.1/intelFPGA_pro/quartus/dspba/backend/linux64 -target Arria10 -frequency 200 -name none -noChanValid -enable -enableHardFP 1 -printMachineReadable -noFileGenerate -speedgrade 2 FPCompare 8 23 -2
Info: qsys-generate succeeded.
Info: Finished: Create block symbol file (.bsf)
Info: 
Info: Starting: Create HDL design files for synthesis
Info: qsys-generate /home/u59680/ECE554-RayTracing-TeamKEVIN/Hardware/RT_Core_and_Components/IP/Arria_200/Float_Less.ip --synthesis=VERILOG --output-directory=/home/u59680/ECE554-RayTracing-TeamKEVIN/Hardware/RT_Core_and_Components/IP/Arria_200/Float_Less --family="Arria 10" --part=10AX115N2F40E2LG
Info: Float_Less.fp_functions_0: /glob/development-tools/versions/fpgasupportstack/a10/1.2.1/intelFPGA_pro/ip/altera/dsp/altera_fp_functions/source//cmdPolyEval.sh /glob/development-tools/versions/fpgasupportstack/a10/1.2.1/intelFPGA_pro/quartus/dspba/backend/linux64 -target Arria10 -frequency 200 -name none -noChanValid -enable -enableHardFP 1 -printMachineReadable -noFileGenerate -speedgrade 2 FPCompare 8 23 -2
Info: Float_Less.fp_functions_0: /glob/development-tools/versions/fpgasupportstack/a10/1.2.1/intelFPGA_pro/ip/altera/dsp/altera_fp_functions/source//cmdPolyEval.sh /glob/development-tools/versions/fpgasupportstack/a10/1.2.1/intelFPGA_pro/quartus/dspba/backend/linux64 -target Arria10 -frequency 200 -name none -noChanValid -enable -enableHardFP 1 -printMachineReadable -noFileGenerate -speedgrade 2 FPCompare 8 23 -2
Info: Float_Less: "Transforming system: Float_Less"
Info: Float_Less: "Naming system components in system: Float_Less"
Info: Float_Less: "Processing generation queue"
Info: Float_Less: "Generating: Float_Less"
Info: Float_Less: "Generating: Float_Less_altera_fp_functions_191_bitaw5i"
Info: fp_functions_0: /glob/development-tools/versions/fpgasupportstack/a10/1.2.1/intelFPGA_pro/ip/altera/dsp/altera_fp_functions/source//cmdPolyEval.sh /glob/development-tools/versions/fpgasupportstack/a10/1.2.1/intelFPGA_pro/quartus/dspba/backend/linux64 -target Arria10 -frequency 200 -name Float_Less_altera_fp_functions_191_bitaw5i -noChanValid -enable -enableHardFP 1 -printMachineReadable -lang VHDL -speedgrade 2 FPCompare 8 23 -2
Info: fp_functions_0: Latency on Arria 10 is 1 cycle
Info: fp_functions_0: DSP Blocks Used: 0
Info: fp_functions_0: LUTs Used: 153
Info: fp_functions_0: Memory Bits Used: 0
Info: fp_functions_0: Memory Blocks Used: 0
Info: Float_Less: Done "Float_Less" with 2 modules, 4 files
Info: qsys-generate succeeded.
Info: Finished: Create HDL design files for synthesis
