Info: Generated by version: 19.2 build 57
Info: Starting: Create block symbol file (.bsf)
Info: qsys-generate /home/u59680/ECE554-RayTracing-TeamKEVIN/Hardware/RT_Core_and_Components/IP/Arria_200/Float_Sqrt.ip --block-symbol-file --output-directory=/home/u59680/ECE554-RayTracing-TeamKEVIN/Hardware/RT_Core_and_Components/IP/Arria_200/Float_Sqrt --family="Arria 10" --part=10AX115N2F40E2LG
Info: Float_Sqrt.fp_functions_0: /glob/development-tools/versions/fpgasupportstack/a10/1.2.1/intelFPGA_pro/ip/altera/dsp/altera_fp_functions/source//cmdPolyEval.sh /glob/development-tools/versions/fpgasupportstack/a10/1.2.1/intelFPGA_pro/quartus/dspba/backend/linux64 -target Arria10 -frequency 200 -name none -noChanValid -enable -enableHardFP 1 -printMachineReadable -noFileGenerate -speedgrade 2 FPSqrt 8 23
Info: Float_Sqrt.fp_functions_0: /glob/development-tools/versions/fpgasupportstack/a10/1.2.1/intelFPGA_pro/ip/altera/dsp/altera_fp_functions/source//cmdPolyEval.sh /glob/development-tools/versions/fpgasupportstack/a10/1.2.1/intelFPGA_pro/quartus/dspba/backend/linux64 -target Arria10 -frequency 200 -name none -noChanValid -enable -enableHardFP 1 -printMachineReadable -noFileGenerate -speedgrade 2 FPSqrt 8 23
Info: qsys-generate succeeded.
Info: Finished: Create block symbol file (.bsf)
Info: 
Info: Starting: Create HDL design files for synthesis
Info: qsys-generate /home/u59680/ECE554-RayTracing-TeamKEVIN/Hardware/RT_Core_and_Components/IP/Arria_200/Float_Sqrt.ip --synthesis=VERILOG --output-directory=/home/u59680/ECE554-RayTracing-TeamKEVIN/Hardware/RT_Core_and_Components/IP/Arria_200/Float_Sqrt --family="Arria 10" --part=10AX115N2F40E2LG
Info: Float_Sqrt.fp_functions_0: /glob/development-tools/versions/fpgasupportstack/a10/1.2.1/intelFPGA_pro/ip/altera/dsp/altera_fp_functions/source//cmdPolyEval.sh /glob/development-tools/versions/fpgasupportstack/a10/1.2.1/intelFPGA_pro/quartus/dspba/backend/linux64 -target Arria10 -frequency 200 -name none -noChanValid -enable -enableHardFP 1 -printMachineReadable -noFileGenerate -speedgrade 2 FPSqrt 8 23
Info: Float_Sqrt.fp_functions_0: /glob/development-tools/versions/fpgasupportstack/a10/1.2.1/intelFPGA_pro/ip/altera/dsp/altera_fp_functions/source//cmdPolyEval.sh /glob/development-tools/versions/fpgasupportstack/a10/1.2.1/intelFPGA_pro/quartus/dspba/backend/linux64 -target Arria10 -frequency 200 -name none -noChanValid -enable -enableHardFP 1 -printMachineReadable -noFileGenerate -speedgrade 2 FPSqrt 8 23
Info: Float_Sqrt: "Transforming system: Float_Sqrt"
Info: Float_Sqrt: "Naming system components in system: Float_Sqrt"
Info: Float_Sqrt: "Processing generation queue"
Info: Float_Sqrt: "Generating: Float_Sqrt"
Info: Float_Sqrt: "Generating: Float_Sqrt_altera_fp_functions_191_tk56cni"
Info: fp_functions_0: /glob/development-tools/versions/fpgasupportstack/a10/1.2.1/intelFPGA_pro/ip/altera/dsp/altera_fp_functions/source//cmdPolyEval.sh /glob/development-tools/versions/fpgasupportstack/a10/1.2.1/intelFPGA_pro/quartus/dspba/backend/linux64 -target Arria10 -frequency 200 -name Float_Sqrt_altera_fp_functions_191_tk56cni -noChanValid -enable -enableHardFP 1 -printMachineReadable -lang VHDL -speedgrade 2 FPSqrt 8 23
Info: fp_functions_0: Latency on Arria 10 is 9 cycles
Info: fp_functions_0: DSP Blocks Used: 3
Info: fp_functions_0: LUTs Used: 236
Info: fp_functions_0: Memory Bits Used: 15872
Info: fp_functions_0: Memory Blocks Used: 3
Info: Float_Sqrt: Done "Float_Sqrt" with 2 modules, 7 files
Info: qsys-generate succeeded.
Info: Finished: Create HDL design files for synthesis
