Info: Generated by version: 19.2 build 57
Info: Starting: Create block symbol file (.bsf)
Info: qsys-generate /home/u59680/ECE554-RayTracing-TeamKEVIN/Hardware/RT_Core_and_Components/IP/Arria_200/Fix_Mul.ip --block-symbol-file --output-directory=/home/u59680/ECE554-RayTracing-TeamKEVIN/Hardware/RT_Core_and_Components/IP/Arria_200/Fix_Mul --family="Arria 10" --part=10AX115N2F40E2LG
Info: qsys-generate succeeded.
Info: Finished: Create block symbol file (.bsf)
Info: 
Info: Starting: Create HDL design files for synthesis
Info: qsys-generate /home/u59680/ECE554-RayTracing-TeamKEVIN/Hardware/RT_Core_and_Components/IP/Arria_200/Fix_Mul.ip --synthesis=VERILOG --output-directory=/home/u59680/ECE554-RayTracing-TeamKEVIN/Hardware/RT_Core_and_Components/IP/Arria_200/Fix_Mul --family="Arria 10" --part=10AX115N2F40E2LG
Info: Fix_Mul: "Transforming system: Fix_Mul"
Info: Fix_Mul: "Naming system components in system: Fix_Mul"
Info: Fix_Mul: "Processing generation queue"
Info: Fix_Mul: "Generating: Fix_Mul"
Info: Fix_Mul: "Generating: Fix_Mul_altera_fxp_functions_191_7adkqdi"
Info: fxp_functions_0: Latency on Arria 10 is 3 cycles
Info: fxp_functions_0: DSP Blocks Used: 2
Info: fxp_functions_0: LUTs Used: 65
Info: fxp_functions_0: Memory Bits Used: 0
Info: fxp_functions_0: Memory Blocks Used: 0
Info: Fix_Mul: Done "Fix_Mul" with 2 modules, 4 files
Info: qsys-generate succeeded.
Info: Finished: Create HDL design files for synthesis
